# JRE version: OpenJDK Runtime Environment (8.0_202-b03) (build 1.8.0_202-release-1483-b03)
# Java VM: OpenJDK 64-Bit Server VM (25.202-b03 mixed mode windows-amd64 compressed oops)
Heap:
 PSYoungGen      total 284672K, used 125365K [0x00000000e0000000, 0x00000000f5800000, 0x0000000100000000)
  eden space 244736K, 43% used [0x00000000e0000000,0x00000000e6724328,0x00000000eef00000)
  from space 39936K, 49% used [0x00000000f1480000,0x00000000f27c9398,0x00000000f3b80000)
  to   space 38400K, 0% used [0x00000000eef00000,0x00000000eef00000,0x00000000f1480000)
 ParOldGen       total 380416K, used 57236K [0x00000000a0000000, 0x00000000b7380000, 0x00000000e0000000)
  object space 380416K, 15% used [0x00000000a0000000,0x00000000a37e53f0,0x00000000b7380000)
 Metaspace       used 96236K, capacity 99817K, committed 101888K, reserved 1138688K
  class space    used 12204K, capacity 12883K, committed 13312K, reserved 1048576K
GC Heap History (10 events):
Event: 5739.328 GC heap before
{Heap before GC invocations=26 (full 4):
 PSYoungGen      total 216064K, used 177871K [0x00000000e0000000, 0x00000000f1d80000, 0x0000000100000000)
  eden space 171008K, 100% used [0x00000000e0000000,0x00000000ea700000,0x00000000ea700000)
  from space 45056K, 15% used [0x00000000ea700000,0x00000000eadb3db0,0x00000000ed300000)
  to   space 45568K, 0% used [0x00000000ef100000,0x00000000ef100000,0x00000000f1d80000)
 ParOldGen       total 380416K, used 57203K [0x00000000a0000000, 0x00000000b7380000, 0x00000000e0000000)
  object space 380416K, 15% used [0x00000000a0000000,0x00000000a37dcd68,0x00000000b7380000)
 Metaspace       used 94603K, capacity 98039K, committed 100352K, reserved 1136640K
  class space    used 12099K, capacity 12772K, committed 13312K, reserved 1048576K
Event: 5739.338 GC heap after
Heap after GC invocations=26 (full 4):
 PSYoungGen      total 247296K, used 10229K [0x00000000e0000000, 0x00000000f1d80000, 0x0000000100000000)
  eden space 201728K, 0% used [0x00000000e0000000,0x00000000e0000000,0x00000000ec500000)
  from space 45568K, 22% used [0x00000000ef100000,0x00000000efafd548,0x00000000f1d80000)
  to   space 45056K, 0% used [0x00000000ec500000,0x00000000ec500000,0x00000000ef100000)
 ParOldGen       total 380416K, used 57211K [0x00000000a0000000, 0x00000000b7380000, 0x00000000e0000000)
  object space 380416K, 15% used [0x00000000a0000000,0x00000000a37ded68,0x00000000b7380000)
 Metaspace       used 94603K, capacity 98039K, committed 100352K, reserved 1136640K
  class space    used 12099K, capacity 12772K, committed 13312K, reserved 1048576K
}
Event: 5739.790 GC heap before
{Heap before GC invocations=27 (full 4):
 PSYoungGen      total 247296K, used 211957K [0x00000000e0000000, 0x00000000f1d80000, 0x0000000100000000)
  eden space 201728K, 100% used [0x00000000e0000000,0x00000000ec500000,0x00000000ec500000)
  from space 45568K, 22% used [0x00000000ef100000,0x00000000efafd548,0x00000000f1d80000)
  to   space 45056K, 0% used [0x00000000ec500000,0x00000000ec500000,0x00000000ef100000)
 ParOldGen       total 380416K, used 57212K [0x00000000a0000000, 0x00000000b7380000, 0x00000000e0000000)
  object space 380416K, 15% used [0x00000000a0000000,0x00000000a37df3f0,0x00000000b7380000)
 Metaspace       used 94867K, capacity 98379K, committed 100608K, reserved 1136640K
  class space    used 12138K, capacity 12830K, committed 13312K, reserved 1048576K
Event: 5739.802 GC heap after
Heap after GC invocations=27 (full 4):
 PSYoungGen      total 246784K, used 15899K [0x00000000e0000000, 0x00000000f3f00000, 0x0000000100000000)
  eden space 201728K, 0% used [0x00000000e0000000,0x00000000e0000000,0x00000000ec500000)
  from space 45056K, 35% used [0x00000000ec500000,0x00000000ed486ef0,0x00000000ef100000)
  to   space 43520K, 0% used [0x00000000f1480000,0x00000000f1480000,0x00000000f3f00000)
 ParOldGen       total 380416K, used 57220K [0x00000000a0000000, 0x00000000b7380000, 0x00000000e0000000)
  object space 380416K, 15% used [0x00000000a0000000,0x00000000a37e13f0,0x00000000b7380000)
 Metaspace       used 94867K, capacity 98379K, committed 100608K, reserved 1136640K
  class space    used 12138K, capacity 12830K, committed 13312K, reserved 1048576K
}
Event: 5740.246 GC heap before
{Heap before GC invocations=28 (full 4):
 PSYoungGen      total 246784K, used 217627K [0x00000000e0000000, 0x00000000f3f00000, 0x0000000100000000)
  eden space 201728K, 100% used [0x00000000e0000000,0x00000000ec500000,0x00000000ec500000)
  from space 45056K, 35% used [0x00000000ec500000,0x00000000ed486ef0,0x00000000ef100000)
  to   space 43520K, 0% used [0x00000000f1480000,0x00000000f1480000,0x00000000f3f00000)
 ParOldGen       total 380416K, used 57220K [0x00000000a0000000, 0x00000000b7380000, 0x00000000e0000000)
  object space 380416K, 15% used [0x00000000a0000000,0x00000000a37e13f0,0x00000000b7380000)
 Metaspace       used 95170K, capacity 98689K, committed 100864K, reserved 1136640K
  class space    used 12141K, capacity 12835K, committed 13312K, reserved 1048576K
Event: 5740.259 GC heap after
Heap after GC invocations=28 (full 4):
 PSYoungGen      total 280064K, used 17116K [0x00000000e0000000, 0x00000000f3b80000, 0x0000000100000000)
  eden space 240128K, 0% used [0x00000000e0000000,0x00000000e0000000,0x00000000eea80000)
  from space 39936K, 42% used [0x00000000f1480000,0x00000000f2537338,0x00000000f3b80000)
  to   space 41472K, 0% used [0x00000000eea80000,0x00000000eea80000,0x00000000f1300000)
 ParOldGen       total 380416K, used 57228K [0x00000000a0000000, 0x00000000b7380000, 0x00000000e0000000)
  object space 380416K, 15% used [0x00000000a0000000,0x00000000a37e33f0,0x00000000b7380000)
 Metaspace       used 95170K, capacity 98689K, committed 100864K, reserved 1136640K
  class space    used 12141K, capacity 12835K, committed 13312K, reserved 1048576K
}
Event: 5740.848 GC heap before
{Heap before GC invocations=29 (full 4):
 PSYoungGen      total 280064K, used 257244K [0x00000000e0000000, 0x00000000f3b80000, 0x0000000100000000)
  eden space 240128K, 100% used [0x00000000e0000000,0x00000000eea80000,0x00000000eea80000)
  from space 39936K, 42% used [0x00000000f1480000,0x00000000f2537338,0x00000000f3b80000)
  to   space 41472K, 0% used [0x00000000eea80000,0x00000000eea80000,0x00000000f1300000)
 ParOldGen       total 380416K, used 57228K [0x00000000a0000000, 0x00000000b7380000, 0x00000000e0000000)
  object space 380416K, 15% used [0x00000000a0000000,0x00000000a37e33f0,0x00000000b7380000)
 Metaspace       used 96001K, capacity 99599K, committed 101632K, reserved 1138688K
  class space    used 12195K, capacity 12880K, committed 13312K, reserved 1048576K
Event: 5740.868 GC heap after
Heap after GC invocations=29 (full 4):
 PSYoungGen      total 281600K, used 22055K [0x00000000e0000000, 0x00000000f3b80000, 0x0000000100000000)
  eden space 240128K, 0% used [0x00000000e0000000,0x00000000e0000000,0x00000000eea80000)
  from space 41472K, 53% used [0x00000000eea80000,0x00000000f0009f70,0x00000000f1300000)
  to   space 39936K, 0% used [0x00000000f1480000,0x00000000f1480000,0x00000000f3b80000)
 ParOldGen       total 380416K, used 57228K [0x00000000a0000000, 0x00000000b7380000, 0x00000000e0000000)
  object space 380416K, 15% used [0x00000000a0000000,0x00000000a37e33f0,0x00000000b7380000)
 Metaspace       used 96001K, capacity 99599K, committed 101632K, reserved 1138688K
  class space    used 12195K, capacity 12880K, committed 13312K, reserved 1048576K
}
Event: 5741.491 GC heap before
{Heap before GC invocations=30 (full 4):
 PSYoungGen      total 281600K, used 262183K [0x00000000e0000000, 0x00000000f3b80000, 0x0000000100000000)
  eden space 240128K, 100% used [0x00000000e0000000,0x00000000eea80000,0x00000000eea80000)
  from space 41472K, 53% used [0x00000000eea80000,0x00000000f0009f70,0x00000000f1300000)
  to   space 39936K, 0% used [0x00000000f1480000,0x00000000f1480000,0x00000000f3b80000)
 ParOldGen       total 380416K, used 57228K [0x00000000a0000000, 0x00000000b7380000, 0x00000000e0000000)
  object space 380416K, 15% used [0x00000000a0000000,0x00000000a37e33f0,0x00000000b7380000)
 Metaspace       used 96215K, capacity 99753K, committed 101632K, reserved 1138688K
  class space    used 12204K, capacity 12883K, committed 13312K, reserved 1048576K
Event: 5741.505 GC heap after
Heap after GC invocations=30 (full 4):
 PSYoungGen      total 284672K, used 19748K [0x00000000e0000000, 0x00000000f5800000, 0x0000000100000000)
  eden space 244736K, 0% used [0x00000000e0000000,0x00000000e0000000,0x00000000eef00000)
  from space 39936K, 49% used [0x00000000f1480000,0x00000000f27c9398,0x00000000f3b80000)
  to   space 38400K, 0% used [0x00000000eef00000,0x00000000eef00000,0x00000000f1480000)
 ParOldGen       total 380416K, used 57236K [0x00000000a0000000, 0x00000000b7380000, 0x00000000e0000000)
  object space 380416K, 15% used [0x00000000a0000000,0x00000000a37e53f0,0x00000000b7380000)
 Metaspace       used 96215K, capacity 99753K, committed 101632K, reserved 1138688K
  class space    used 12204K, capacity 12883K, committed 13312K, reserved 1048576K
}

